2012-10-25 17:02:56,306 [Thread-9] ERROR StackTrace  - Full Stack Trace:
org.codehaus.groovy.control.MultipleCompilationErrorsException: startup failed:
script13511773762882019008802.groovy: 3: unexpected token: package @ line 3, column 1.
   package sctea
   ^

1 error

	at org.codehaus.groovy.control.ErrorCollector.failIfErrors(ErrorCollector.java:302)
	at org.codehaus.groovy.control.ErrorCollector.addFatalError(ErrorCollector.java:149)
	at org.codehaus.groovy.control.ErrorCollector.addError(ErrorCollector.java:119)
	at org.codehaus.groovy.control.ErrorCollector.addError(ErrorCollector.java:131)
	at org.codehaus.groovy.control.SourceUnit.addError(SourceUnit.java:359)
	at org.codehaus.groovy.antlr.AntlrParserPlugin.transformCSTIntoAST(AntlrParserPlugin.java:142)
	at org.codehaus.groovy.antlr.AntlrParserPlugin.parseCST(AntlrParserPlugin.java:108)
	at org.codehaus.groovy.control.SourceUnit.parse(SourceUnit.java:236)
	at org.codehaus.groovy.control.CompilationUnit$1.call(CompilationUnit.java:161)
	at org.codehaus.groovy.control.CompilationUnit.applyToSourceUnits(CompilationUnit.java:846)
	at org.codehaus.groovy.control.CompilationUnit.doPhaseOperation(CompilationUnit.java:550)
	at org.codehaus.groovy.control.CompilationUnit.processPhaseOperations(CompilationUnit.java:526)
	at org.codehaus.groovy.control.CompilationUnit.compile(CompilationUnit.java:503)
	at groovy.lang.GroovyClassLoader.doParseClass(GroovyClassLoader.java:306)
	at groovy.lang.GroovyClassLoader.parseClass(GroovyClassLoader.java:287)
	at groovy.lang.GroovyClassLoader.parseClass(GroovyClassLoader.java:267)
	at groovy.lang.GroovyClassLoader.parseClass(GroovyClassLoader.java:214)
	at groovy.lang.GroovyClassLoader.parseClass(GroovyClassLoader.java:224)
	at groovy.lang.GroovyClassLoader$parseClass$0.call(Unknown Source)
	at org.codehaus.groovy.runtime.callsite.CallSiteArray.defaultCall(CallSiteArray.java:42)
	at org.codehaus.groovy.runtime.callsite.AbstractCallSite.call(AbstractCallSite.java:108)
	at org.codehaus.groovy.runtime.callsite.AbstractCallSite.call(AbstractCallSite.java:116)
	at org.codehaus.groovy.grails.plugins.scaffolding.ScaffoldingGrailsPlugin.createScaffoldedInstance(ScaffoldingGrailsPlugin.groovy:178)
	at sun.reflect.NativeMethodAccessorImpl.invoke0(Native Method)
	at sun.reflect.NativeMethodAccessorImpl.invoke(NativeMethodAccessorImpl.java:57)
	at sun.reflect.DelegatingMethodAccessorImpl.invoke(DelegatingMethodAccessorImpl.java:43)
	at java.lang.reflect.Method.invoke(Method.java:616)
	at org.codehaus.groovy.reflection.CachedMethod.invoke(CachedMethod.java:90)
	at org.codehaus.groovy.runtime.callsite.StaticMetaMethodSite$StaticMetaMethodSiteNoUnwrapNoCoerce.invoke(StaticMetaMethodSite.java:148)
	at org.codehaus.groovy.runtime.callsite.StaticMetaMethodSite.callStatic(StaticMetaMethodSite.java:99)
	at org.codehaus.groovy.runtime.callsite.CallSiteArray.defaultCallStatic(CallSiteArray.java:50)
	at org.codehaus.groovy.runtime.callsite.AbstractCallSite.callStatic(AbstractCallSite.java:157)
	at org.codehaus.groovy.runtime.callsite.AbstractCallSite.callStatic(AbstractCallSite.java:169)
	at org.codehaus.groovy.grails.plugins.scaffolding.ScaffoldingGrailsPlugin.configureScaffoldingController(ScaffoldingGrailsPlugin.groovy:115)
	at org.codehaus.groovy.grails.plugins.scaffolding.ScaffoldingGrailsPlugin$configureScaffoldingController.callStatic(Unknown Source)
	at org.codehaus.groovy.grails.plugins.scaffolding.ScaffoldingGrailsPlugin.configureScaffolding(ScaffoldingGrailsPlugin.groovy:90)
	at sun.reflect.NativeMethodAccessorImpl.invoke0(Native Method)
	at sun.reflect.NativeMethodAccessorImpl.invoke(NativeMethodAccessorImpl.java:57)
	at sun.reflect.DelegatingMethodAccessorImpl.invoke(DelegatingMethodAccessorImpl.java:43)
	at java.lang.reflect.Method.invoke(Method.java:616)
	at org.codehaus.groovy.reflection.CachedMethod.invoke(CachedMethod.java:90)
	at groovy.lang.MetaMethod.doMethodInvoke(MetaMethod.java:233)
	at groovy.lang.MetaClassImpl.invokeMethod(MetaClassImpl.java:1071)
	at groovy.lang.ExpandoMetaClass.invokeMethod(ExpandoMetaClass.java:1110)
	at groovy.lang.MetaClassImpl.invokeMethod(MetaClassImpl.java:901)
	at groovy.lang.MetaClassImpl.invokeMethod(MetaClassImpl.java:1016)
	at groovy.lang.ExpandoMetaClass.invokeMethod(ExpandoMetaClass.java:1110)
	at groovy.lang.MetaClassImpl.invokeMethod(MetaClassImpl.java:901)
	at groovy.lang.MetaClassImpl.invokeMethod(MetaClassImpl.java:721)
	at groovy.lang.GroovyObjectSupport.invokeMethod(GroovyObjectSupport.java:44)
	at groovy.lang.MetaClassImpl.invokeMethodOnGroovyObject(MetaClassImpl.java:1136)
	at groovy.lang.MetaClassImpl.invokeMethod(MetaClassImpl.java:1030)
	at groovy.lang.ExpandoMetaClass.invokeMethod(ExpandoMetaClass.java:1110)
	at groovy.lang.MetaClassImpl.invokeMethod(MetaClassImpl.java:901)
	at org.codehaus.groovy.runtime.callsite.PogoMetaClassSite.callCurrent(PogoMetaClassSite.java:66)
	at org.codehaus.groovy.runtime.callsite.CallSiteArray.defaultCallCurrent(CallSiteArray.java:46)
	at org.codehaus.groovy.runtime.callsite.AbstractCallSite.callCurrent(AbstractCallSite.java:133)
	at org.codehaus.groovy.runtime.callsite.AbstractCallSite.callCurrent(AbstractCallSite.java:145)
	at org.codehaus.groovy.grails.plugins.scaffolding.ScaffoldingGrailsPlugin$_closure2_closure10.doCall(ScaffoldingGrailsPlugin.groovy:77)
	at sun.reflect.NativeMethodAccessorImpl.invoke0(Native Method)
	at sun.reflect.NativeMethodAccessorImpl.invoke(NativeMethodAccessorImpl.java:57)
	at sun.reflect.DelegatingMethodAccessorImpl.invoke(DelegatingMethodAccessorImpl.java:43)
	at java.lang.reflect.Method.invoke(Method.java:616)
	at org.codehaus.groovy.runtime.callsite.PogoMetaMethodSite$PogoCachedMethodSite.invoke(PogoMetaMethodSite.java:231)
	at org.codehaus.groovy.runtime.callsite.PogoMetaMethodSite.callCurrent(PogoMetaMethodSite.java:52)
	at org.codehaus.groovy.runtime.callsite.CallSiteArray.defaultCallCurrent(CallSiteArray.java:46)
	at org.codehaus.groovy.runtime.callsite.AbstractCallSite.callCurrent(AbstractCallSite.java:133)
	at org.codehaus.groovy.runtime.callsite.AbstractCallSite.callCurrent(AbstractCallSite.java:141)
	at org.codehaus.groovy.grails.plugins.scaffolding.ScaffoldingGrailsPlugin$_closure2_closure10.doCall(ScaffoldingGrailsPlugin.groovy)
	at sun.reflect.NativeMethodAccessorImpl.invoke0(Native Method)
	at sun.reflect.NativeMethodAccessorImpl.invoke(NativeMethodAccessorImpl.java:57)
	at sun.reflect.DelegatingMethodAccessorImpl.invoke(DelegatingMethodAccessorImpl.java:43)
	at java.lang.reflect.Method.invoke(Method.java:616)
	at org.codehaus.groovy.reflection.CachedMethod.invoke(CachedMethod.java:90)
	at groovy.lang.MetaMethod.doMethodInvoke(MetaMethod.java:233)
	at groovy.lang.MetaClassImpl.invokeMethod(MetaClassImpl.java:1071)
	at groovy.lang.ExpandoMetaClass.invokeMethod(ExpandoMetaClass.java:1110)
	at groovy.lang.MetaClassImpl.invokeMethod(MetaClassImpl.java:901)
	at groovy.lang.Closure.call(Closure.java:415)
	at groovy.lang.Closure.call(Closure.java:409)
	at groovy.lang.Closure.run(Closure.java:493)
	at java.lang.Thread.run(Thread.java:679)
2012-10-25 17:02:56,310 [Thread-9] ERROR StackTrace  - Full Stack Trace:
org.codehaus.groovy.control.MultipleCompilationErrorsException: startup failed:
script13511773762882019008802.groovy: 3: unexpected token: package @ line 3, column 1.
   package sctea
   ^

1 error

	at org.codehaus.groovy.control.ErrorCollector.failIfErrors(ErrorCollector.java:302)
	at org.codehaus.groovy.control.ErrorCollector.addFatalError(ErrorCollector.java:149)
	at org.codehaus.groovy.control.ErrorCollector.addError(ErrorCollector.java:119)
	at org.codehaus.groovy.control.ErrorCollector.addError(ErrorCollector.java:131)
	at org.codehaus.groovy.control.SourceUnit.addError(SourceUnit.java:359)
	at org.codehaus.groovy.antlr.AntlrParserPlugin.transformCSTIntoAST(AntlrParserPlugin.java:142)
	at org.codehaus.groovy.antlr.AntlrParserPlugin.parseCST(AntlrParserPlugin.java:108)
	at org.codehaus.groovy.control.SourceUnit.parse(SourceUnit.java:236)
	at org.codehaus.groovy.control.CompilationUnit$1.call(CompilationUnit.java:161)
	at org.codehaus.groovy.control.CompilationUnit.applyToSourceUnits(CompilationUnit.java:846)
	at org.codehaus.groovy.control.CompilationUnit.doPhaseOperation(CompilationUnit.java:550)
	at org.codehaus.groovy.control.CompilationUnit.processPhaseOperations(CompilationUnit.java:526)
	at org.codehaus.groovy.control.CompilationUnit.compile(CompilationUnit.java:503)
	at java.lang.Thread.run(Thread.java:679)
2012-10-25 17:02:56,311 [Thread-9] ERROR StackTrace  - Full Stack Trace:
org.codehaus.groovy.control.MultipleCompilationErrorsException: startup failed:
script13511773762882019008802.groovy: 3: unexpected token: package @ line 3, column 1.
   package sctea
   ^

1 error

	at org.codehaus.groovy.control.ErrorCollector.failIfErrors(ErrorCollector.java:302)
	at org.codehaus.groovy.control.ErrorCollector.addFatalError(ErrorCollector.java:149)
	at org.codehaus.groovy.control.ErrorCollector.addError(ErrorCollector.java:119)
	at org.codehaus.groovy.control.ErrorCollector.addError(ErrorCollector.java:131)
	at org.codehaus.groovy.control.SourceUnit.addError(SourceUnit.java:359)
	at org.codehaus.groovy.antlr.AntlrParserPlugin.transformCSTIntoAST(AntlrParserPlugin.java:142)
	at org.codehaus.groovy.antlr.AntlrParserPlugin.parseCST(AntlrParserPlugin.java:108)
	at org.codehaus.groovy.control.SourceUnit.parse(SourceUnit.java:236)
	at org.codehaus.groovy.control.CompilationUnit$1.call(CompilationUnit.java:161)
	at org.codehaus.groovy.control.CompilationUnit.applyToSourceUnits(CompilationUnit.java:846)
	at org.codehaus.groovy.control.CompilationUnit.doPhaseOperation(CompilationUnit.java:550)
	at org.codehaus.groovy.control.CompilationUnit.processPhaseOperations(CompilationUnit.java:526)
	at org.codehaus.groovy.control.CompilationUnit.compile(CompilationUnit.java:503)
	at java.lang.Thread.run(Thread.java:679)
2012-10-25 17:02:56,312 [Thread-9] ERROR StackTrace  - Full Stack Trace:
org.codehaus.groovy.control.MultipleCompilationErrorsException: startup failed:
script13511773762882019008802.groovy: 3: unexpected token: package @ line 3, column 1.
   package sctea
   ^

1 error

	at org.codehaus.groovy.control.ErrorCollector.failIfErrors(ErrorCollector.java:302)
	at org.codehaus.groovy.control.ErrorCollector.addFatalError(ErrorCollector.java:149)
	at org.codehaus.groovy.control.ErrorCollector.addError(ErrorCollector.java:119)
	at org.codehaus.groovy.control.ErrorCollector.addError(ErrorCollector.java:131)
	at org.codehaus.groovy.control.SourceUnit.addError(SourceUnit.java:359)
	at org.codehaus.groovy.antlr.AntlrParserPlugin.transformCSTIntoAST(AntlrParserPlugin.java:142)
	at org.codehaus.groovy.antlr.AntlrParserPlugin.parseCST(AntlrParserPlugin.java:108)
	at org.codehaus.groovy.control.SourceUnit.parse(SourceUnit.java:236)
	at org.codehaus.groovy.control.CompilationUnit$1.call(CompilationUnit.java:161)
	at org.codehaus.groovy.control.CompilationUnit.applyToSourceUnits(CompilationUnit.java:846)
	at org.codehaus.groovy.control.CompilationUnit.doPhaseOperation(CompilationUnit.java:550)
	at org.codehaus.groovy.control.CompilationUnit.processPhaseOperations(CompilationUnit.java:526)
	at org.codehaus.groovy.control.CompilationUnit.compile(CompilationUnit.java:503)
	at java.lang.Thread.run(Thread.java:679)
2012-10-25 17:05:36,681 [Thread-11] ERROR StackTrace  - Full Stack Trace:
org.codehaus.groovy.control.MultipleCompilationErrorsException: startup failed:
script13511775366442019008802.groovy: 3: unexpected token: package @ line 3, column 1.
   package sctea
   ^

1 error

	at org.codehaus.groovy.control.ErrorCollector.failIfErrors(ErrorCollector.java:302)
	at org.codehaus.groovy.control.ErrorCollector.addFatalError(ErrorCollector.java:149)
	at org.codehaus.groovy.control.ErrorCollector.addError(ErrorCollector.java:119)
	at org.codehaus.groovy.control.ErrorCollector.addError(ErrorCollector.java:131)
	at org.codehaus.groovy.control.SourceUnit.addError(SourceUnit.java:359)
	at org.codehaus.groovy.antlr.AntlrParserPlugin.transformCSTIntoAST(AntlrParserPlugin.java:142)
	at org.codehaus.groovy.antlr.AntlrParserPlugin.parseCST(AntlrParserPlugin.java:108)
	at org.codehaus.groovy.control.SourceUnit.parse(SourceUnit.java:236)
	at org.codehaus.groovy.control.CompilationUnit$1.call(CompilationUnit.java:161)
	at org.codehaus.groovy.control.CompilationUnit.applyToSourceUnits(CompilationUnit.java:846)
	at org.codehaus.groovy.control.CompilationUnit.doPhaseOperation(CompilationUnit.java:550)
	at org.codehaus.groovy.control.CompilationUnit.processPhaseOperations(CompilationUnit.java:526)
	at org.codehaus.groovy.control.CompilationUnit.compile(CompilationUnit.java:503)
	at groovy.lang.GroovyClassLoader.doParseClass(GroovyClassLoader.java:306)
	at groovy.lang.GroovyClassLoader.parseClass(GroovyClassLoader.java:287)
	at groovy.lang.GroovyClassLoader.parseClass(GroovyClassLoader.java:267)
	at groovy.lang.GroovyClassLoader.parseClass(GroovyClassLoader.java:214)
	at groovy.lang.GroovyClassLoader.parseClass(GroovyClassLoader.java:224)
	at groovy.lang.GroovyClassLoader$parseClass$0.call(Unknown Source)
	at org.codehaus.groovy.runtime.callsite.CallSiteArray.defaultCall(CallSiteArray.java:42)
	at org.codehaus.groovy.runtime.callsite.AbstractCallSite.call(AbstractCallSite.java:108)
	at org.codehaus.groovy.runtime.callsite.AbstractCallSite.call(AbstractCallSite.java:116)
	at org.codehaus.groovy.grails.plugins.scaffolding.ScaffoldingGrailsPlugin.createScaffoldedInstance(ScaffoldingGrailsPlugin.groovy:178)
	at sun.reflect.NativeMethodAccessorImpl.invoke0(Native Method)
	at sun.reflect.NativeMethodAccessorImpl.invoke(NativeMethodAccessorImpl.java:57)
	at sun.reflect.DelegatingMethodAccessorImpl.invoke(DelegatingMethodAccessorImpl.java:43)
	at java.lang.reflect.Method.invoke(Method.java:616)
	at org.codehaus.groovy.reflection.CachedMethod.invoke(CachedMethod.java:90)
	at org.codehaus.groovy.runtime.callsite.StaticMetaMethodSite$StaticMetaMethodSiteNoUnwrapNoCoerce.invoke(StaticMetaMethodSite.java:148)
	at org.codehaus.groovy.runtime.callsite.StaticMetaMethodSite.callStatic(StaticMetaMethodSite.java:99)
	at org.codehaus.groovy.runtime.callsite.CallSiteArray.defaultCallStatic(CallSiteArray.java:50)
	at org.codehaus.groovy.runtime.callsite.AbstractCallSite.callStatic(AbstractCallSite.java:157)
	at org.codehaus.groovy.runtime.callsite.AbstractCallSite.callStatic(AbstractCallSite.java:169)
	at org.codehaus.groovy.grails.plugins.scaffolding.ScaffoldingGrailsPlugin.configureScaffoldingController(ScaffoldingGrailsPlugin.groovy:115)
	at org.codehaus.groovy.grails.plugins.scaffolding.ScaffoldingGrailsPlugin$configureScaffoldingController.callStatic(Unknown Source)
	at org.codehaus.groovy.grails.plugins.scaffolding.ScaffoldingGrailsPlugin.configureScaffolding(ScaffoldingGrailsPlugin.groovy:90)
	at sun.reflect.NativeMethodAccessorImpl.invoke0(Native Method)
	at sun.reflect.NativeMethodAccessorImpl.invoke(NativeMethodAccessorImpl.java:57)
	at sun.reflect.DelegatingMethodAccessorImpl.invoke(DelegatingMethodAccessorImpl.java:43)
	at java.lang.reflect.Method.invoke(Method.java:616)
	at org.codehaus.groovy.reflection.CachedMethod.invoke(CachedMethod.java:90)
	at groovy.lang.MetaMethod.doMethodInvoke(MetaMethod.java:233)
	at groovy.lang.MetaClassImpl.invokeMethod(MetaClassImpl.java:1071)
	at groovy.lang.ExpandoMetaClass.invokeMethod(ExpandoMetaClass.java:1110)
	at groovy.lang.MetaClassImpl.invokeMethod(MetaClassImpl.java:901)
	at groovy.lang.MetaClassImpl.invokeMethod(MetaClassImpl.java:1016)
	at groovy.lang.ExpandoMetaClass.invokeMethod(ExpandoMetaClass.java:1110)
	at groovy.lang.MetaClassImpl.invokeMethod(MetaClassImpl.java:901)
	at groovy.lang.MetaClassImpl.invokeMethod(MetaClassImpl.java:721)
	at groovy.lang.GroovyObjectSupport.invokeMethod(GroovyObjectSupport.java:44)
	at groovy.lang.MetaClassImpl.invokeMethodOnGroovyObject(MetaClassImpl.java:1136)
	at groovy.lang.MetaClassImpl.invokeMethod(MetaClassImpl.java:1030)
	at groovy.lang.ExpandoMetaClass.invokeMethod(ExpandoMetaClass.java:1110)
	at groovy.lang.MetaClassImpl.invokeMethod(MetaClassImpl.java:901)
	at org.codehaus.groovy.runtime.callsite.PogoMetaClassSite.callCurrent(PogoMetaClassSite.java:66)
	at org.codehaus.groovy.runtime.callsite.CallSiteArray.defaultCallCurrent(CallSiteArray.java:46)
	at org.codehaus.groovy.runtime.callsite.AbstractCallSite.callCurrent(AbstractCallSite.java:133)
	at org.codehaus.groovy.runtime.callsite.AbstractCallSite.callCurrent(AbstractCallSite.java:145)
	at org.codehaus.groovy.grails.plugins.scaffolding.ScaffoldingGrailsPlugin$_closure2_closure10.doCall(ScaffoldingGrailsPlugin.groovy:77)
	at sun.reflect.NativeMethodAccessorImpl.invoke0(Native Method)
	at sun.reflect.NativeMethodAccessorImpl.invoke(NativeMethodAccessorImpl.java:57)
	at sun.reflect.DelegatingMethodAccessorImpl.invoke(DelegatingMethodAccessorImpl.java:43)
	at java.lang.reflect.Method.invoke(Method.java:616)
	at org.codehaus.groovy.runtime.callsite.PogoMetaMethodSite$PogoCachedMethodSite.invoke(PogoMetaMethodSite.java:231)
	at org.codehaus.groovy.runtime.callsite.PogoMetaMethodSite.callCurrent(PogoMetaMethodSite.java:52)
	at org.codehaus.groovy.runtime.callsite.CallSiteArray.defaultCallCurrent(CallSiteArray.java:46)
	at org.codehaus.groovy.runtime.callsite.AbstractCallSite.callCurrent(AbstractCallSite.java:133)
	at org.codehaus.groovy.runtime.callsite.AbstractCallSite.callCurrent(AbstractCallSite.java:141)
	at org.codehaus.groovy.grails.plugins.scaffolding.ScaffoldingGrailsPlugin$_closure2_closure10.doCall(ScaffoldingGrailsPlugin.groovy)
	at sun.reflect.NativeMethodAccessorImpl.invoke0(Native Method)
	at sun.reflect.NativeMethodAccessorImpl.invoke(NativeMethodAccessorImpl.java:57)
	at sun.reflect.DelegatingMethodAccessorImpl.invoke(DelegatingMethodAccessorImpl.java:43)
	at java.lang.reflect.Method.invoke(Method.java:616)
	at org.codehaus.groovy.reflection.CachedMethod.invoke(CachedMethod.java:90)
	at groovy.lang.MetaMethod.doMethodInvoke(MetaMethod.java:233)
	at groovy.lang.MetaClassImpl.invokeMethod(MetaClassImpl.java:1071)
	at groovy.lang.ExpandoMetaClass.invokeMethod(ExpandoMetaClass.java:1110)
	at groovy.lang.MetaClassImpl.invokeMethod(MetaClassImpl.java:901)
	at groovy.lang.Closure.call(Closure.java:415)
	at groovy.lang.Closure.call(Closure.java:409)
	at groovy.lang.Closure.run(Closure.java:493)
	at java.lang.Thread.run(Thread.java:679)
2012-10-25 17:05:36,691 [Thread-11] ERROR StackTrace  - Full Stack Trace:
org.codehaus.groovy.control.MultipleCompilationErrorsException: startup failed:
script13511775366442019008802.groovy: 3: unexpected token: package @ line 3, column 1.
   package sctea
   ^

1 error

	at org.codehaus.groovy.control.ErrorCollector.failIfErrors(ErrorCollector.java:302)
	at org.codehaus.groovy.control.ErrorCollector.addFatalError(ErrorCollector.java:149)
	at org.codehaus.groovy.control.ErrorCollector.addError(ErrorCollector.java:119)
	at org.codehaus.groovy.control.ErrorCollector.addError(ErrorCollector.java:131)
	at org.codehaus.groovy.control.SourceUnit.addError(SourceUnit.java:359)
	at org.codehaus.groovy.antlr.AntlrParserPlugin.transformCSTIntoAST(AntlrParserPlugin.java:142)
	at org.codehaus.groovy.antlr.AntlrParserPlugin.parseCST(AntlrParserPlugin.java:108)
	at org.codehaus.groovy.control.SourceUnit.parse(SourceUnit.java:236)
	at org.codehaus.groovy.control.CompilationUnit$1.call(CompilationUnit.java:161)
	at org.codehaus.groovy.control.CompilationUnit.applyToSourceUnits(CompilationUnit.java:846)
	at org.codehaus.groovy.control.CompilationUnit.doPhaseOperation(CompilationUnit.java:550)
	at org.codehaus.groovy.control.CompilationUnit.processPhaseOperations(CompilationUnit.java:526)
	at org.codehaus.groovy.control.CompilationUnit.compile(CompilationUnit.java:503)
	at java.lang.Thread.run(Thread.java:679)
2012-10-25 17:05:36,695 [Thread-11] ERROR StackTrace  - Full Stack Trace:
org.codehaus.groovy.control.MultipleCompilationErrorsException: startup failed:
script13511775366442019008802.groovy: 3: unexpected token: package @ line 3, column 1.
   package sctea
   ^

1 error

	at org.codehaus.groovy.control.ErrorCollector.failIfErrors(ErrorCollector.java:302)
	at org.codehaus.groovy.control.ErrorCollector.addFatalError(ErrorCollector.java:149)
	at org.codehaus.groovy.control.ErrorCollector.addError(ErrorCollector.java:119)
	at org.codehaus.groovy.control.ErrorCollector.addError(ErrorCollector.java:131)
	at org.codehaus.groovy.control.SourceUnit.addError(SourceUnit.java:359)
	at org.codehaus.groovy.antlr.AntlrParserPlugin.transformCSTIntoAST(AntlrParserPlugin.java:142)
	at org.codehaus.groovy.antlr.AntlrParserPlugin.parseCST(AntlrParserPlugin.java:108)
	at org.codehaus.groovy.control.SourceUnit.parse(SourceUnit.java:236)
	at org.codehaus.groovy.control.CompilationUnit$1.call(CompilationUnit.java:161)
	at org.codehaus.groovy.control.CompilationUnit.applyToSourceUnits(CompilationUnit.java:846)
	at org.codehaus.groovy.control.CompilationUnit.doPhaseOperation(CompilationUnit.java:550)
	at org.codehaus.groovy.control.CompilationUnit.processPhaseOperations(CompilationUnit.java:526)
	at org.codehaus.groovy.control.CompilationUnit.compile(CompilationUnit.java:503)
	at java.lang.Thread.run(Thread.java:679)
2012-10-25 17:05:36,696 [Thread-11] ERROR StackTrace  - Full Stack Trace:
org.codehaus.groovy.control.MultipleCompilationErrorsException: startup failed:
script13511775366442019008802.groovy: 3: unexpected token: package @ line 3, column 1.
   package sctea
   ^

1 error

	at org.codehaus.groovy.control.ErrorCollector.failIfErrors(ErrorCollector.java:302)
	at org.codehaus.groovy.control.ErrorCollector.addFatalError(ErrorCollector.java:149)
	at org.codehaus.groovy.control.ErrorCollector.addError(ErrorCollector.java:119)
	at org.codehaus.groovy.control.ErrorCollector.addError(ErrorCollector.java:131)
	at org.codehaus.groovy.control.SourceUnit.addError(SourceUnit.java:359)
	at org.codehaus.groovy.antlr.AntlrParserPlugin.transformCSTIntoAST(AntlrParserPlugin.java:142)
	at org.codehaus.groovy.antlr.AntlrParserPlugin.parseCST(AntlrParserPlugin.java:108)
	at org.codehaus.groovy.control.SourceUnit.parse(SourceUnit.java:236)
	at org.codehaus.groovy.control.CompilationUnit$1.call(CompilationUnit.java:161)
	at org.codehaus.groovy.control.CompilationUnit.applyToSourceUnits(CompilationUnit.java:846)
	at org.codehaus.groovy.control.CompilationUnit.doPhaseOperation(CompilationUnit.java:550)
	at org.codehaus.groovy.control.CompilationUnit.processPhaseOperations(CompilationUnit.java:526)
	at org.codehaus.groovy.control.CompilationUnit.compile(CompilationUnit.java:503)
	at java.lang.Thread.run(Thread.java:679)
